[2022-07-07 16:06:57,447] multiqc                                            [DEBUG  ]  This is MultiQC v1.12
[2022-07-07 16:06:57,447] multiqc                                            [DEBUG  ]  No MultiQC config found: /opt/anaconda3/lib/python3.9/site-packages/multiqc_config.yaml
[2022-07-07 16:06:57,448] multiqc                                            [DEBUG  ]  No MultiQC config found: /Users/qsv231/.multiqc_config.yaml
[2022-07-07 16:06:57,448] multiqc                                            [DEBUG  ]  No MultiQC config found: multiqc_config.yaml
[2022-07-07 16:06:57,448] multiqc                                            [DEBUG  ]  Command used: /opt/anaconda3/bin/multiqc QC --outdir QC
[2022-07-07 16:06:58,332] multiqc                                            [DEBUG  ]  Latest MultiQC version is v1.12
[2022-07-07 16:06:58,333] multiqc                                            [DEBUG  ]  Command     : /opt/anaconda3/bin/multiqc QC --outdir QC
[2022-07-07 16:06:58,333] multiqc                                            [DEBUG  ]  Working dir : /Users/qsv231/Library/CloudStorage/OneDrive-McGillUniversity/HGMS/MiCM/ngsintro_exercises1
[2022-07-07 16:06:58,333] multiqc                                            [DEBUG  ]  Template    : default
[2022-07-07 16:06:58,333] multiqc                                            [DEBUG  ]  Running Python 3.9.7 (default, Sep 16 2021, 08:50:36)  [Clang 10.0.0 ]
[2022-07-07 16:06:58,333] multiqc                                            [DEBUG  ]  Analysing modules: custom_content, ccs, ngsderive, purple, conpair, lima, peddy, somalier, methylQA, mosdepth, phantompeakqualtools, qualimap, preseq, quast, qorts, rna_seqc, rockhopper, rsem, rseqc, busco, bustools, goleft_indexcov, gffcompare, disambiguate, supernova, deeptools, sargasso, verifybamid, mirtrace, happy, mirtop, sambamba, homer, hops, macs2, theta2, snpeff, gatk, htseq, bcftools, featureCounts, fgbio, dragen, dedup, pbmarkdup, damageprofiler, biobambam2, jcvi, mtnucratio, picard, vep, sentieon, prokka, qc3C, nanostat, samblaster, samtools, sexdeterrmine, eigenstratdatabasetools, bamtools, jellyfish, vcftools, longranger, stacks, varscan2, snippy, bbmap, bismark, biscuit, hicexplorer, hicup, hicpro, salmon, kallisto, slamdunk, star, hisat2, tophat, bowtie2, bowtie1, snpsplit, odgi, pangolin, kat, leehom, adapterRemoval, clipandmerge, cutadapt, flexbar, kaiju, kraken, malt, trimmomatic, sickle, skewer, sortmerna, biobloomtools, fastq_screen, afterqc, fastp, fastqc, pychopper, pycoqc, minionqc, multivcfanalyzer, clusterflow, checkqc, bcl2fastq, bclconvert, interop, ivar, flash, seqyclean, optitype, whatshap
[2022-07-07 16:06:58,334] multiqc                                            [DEBUG  ]  Using temporary directory for creating report: /var/folders/qm/9sf7s7d53yb2w6qzt4p01r1r0000gn/T/tmpatv5m9f3
[2022-07-07 16:06:59,295] multiqc                                            [INFO   ]  Search path : /Users/qsv231/Library/CloudStorage/OneDrive-McGillUniversity/HGMS/MiCM/ngsintro_exercises1/QC
[2022-07-07 16:06:59,400] multiqc                                            [DEBUG  ]  File ignored by ccs/v4 because it exceeded search pattern filesize limit: SRR957824_R1_trimmed_fastqc.html
[2022-07-07 16:06:59,404] multiqc                                            [DEBUG  ]  File ignored by hicexplorer because it exceeded search pattern filesize limit: SRR957824_R1_trimmed_fastqc.html
[2022-07-07 16:06:59,404] multiqc                                            [DEBUG  ]  File ignored by lima/summary because it exceeded search pattern filesize limit: SRR957824_R1_trimmed_fastqc.html
[2022-07-07 16:06:59,415] multiqc                                            [DEBUG  ]  File ignored by vep/vep_txt because it exceeded search pattern filesize limit: SRR957824_R1_trimmed_fastqc.html
[2022-07-07 16:06:59,415] multiqc                                            [DEBUG  ]  File ignored by longranger/invocation because it exceeded search pattern filesize limit: SRR957824_R1_trimmed_fastqc.html
[2022-07-07 16:06:59,461] multiqc                                            [DEBUG  ]  File ignored by nanostat because it exceeded search pattern filesize limit: SRR957824_R1_trimmed_fastqc.html
[2022-07-07 16:06:59,470] multiqc                                            [DEBUG  ]  File ignored by ccs/v4 because it exceeded search pattern filesize limit: SRR957824_R2_trimmed_fastqc.html
[2022-07-07 16:06:59,472] multiqc                                            [DEBUG  ]  File ignored by hicexplorer because it exceeded search pattern filesize limit: SRR957824_R2_trimmed_fastqc.html
[2022-07-07 16:06:59,473] multiqc                                            [DEBUG  ]  File ignored by lima/summary because it exceeded search pattern filesize limit: SRR957824_R2_trimmed_fastqc.html
[2022-07-07 16:06:59,477] multiqc                                            [DEBUG  ]  File ignored by vep/vep_txt because it exceeded search pattern filesize limit: SRR957824_R2_trimmed_fastqc.html
[2022-07-07 16:06:59,477] multiqc                                            [DEBUG  ]  File ignored by longranger/invocation because it exceeded search pattern filesize limit: SRR957824_R2_trimmed_fastqc.html
[2022-07-07 16:06:59,526] multiqc                                            [DEBUG  ]  File ignored by nanostat because it exceeded search pattern filesize limit: SRR957824_R2_trimmed_fastqc.html
[2022-07-07 16:06:59,593] multiqc                                            [DEBUG  ]  File ignored by ccs/v4 because it exceeded search pattern filesize limit: SRR957824_500K_R1_fastqc.html
[2022-07-07 16:06:59,595] multiqc                                            [DEBUG  ]  File ignored by hicexplorer because it exceeded search pattern filesize limit: SRR957824_500K_R1_fastqc.html
[2022-07-07 16:06:59,595] multiqc                                            [DEBUG  ]  File ignored by lima/summary because it exceeded search pattern filesize limit: SRR957824_500K_R1_fastqc.html
[2022-07-07 16:06:59,599] multiqc                                            [DEBUG  ]  File ignored by vep/vep_txt because it exceeded search pattern filesize limit: SRR957824_500K_R1_fastqc.html
[2022-07-07 16:06:59,600] multiqc                                            [DEBUG  ]  File ignored by longranger/invocation because it exceeded search pattern filesize limit: SRR957824_500K_R1_fastqc.html
[2022-07-07 16:06:59,644] multiqc                                            [DEBUG  ]  File ignored by nanostat because it exceeded search pattern filesize limit: SRR957824_500K_R1_fastqc.html
[2022-07-07 16:06:59,707] multiqc                                            [DEBUG  ]  File ignored by ccs/v4 because it exceeded search pattern filesize limit: SRR957824_500K_R2_fastqc.html
[2022-07-07 16:06:59,710] multiqc                                            [DEBUG  ]  File ignored by hicexplorer because it exceeded search pattern filesize limit: SRR957824_500K_R2_fastqc.html
[2022-07-07 16:06:59,710] multiqc                                            [DEBUG  ]  File ignored by lima/summary because it exceeded search pattern filesize limit: SRR957824_500K_R2_fastqc.html
[2022-07-07 16:06:59,714] multiqc                                            [DEBUG  ]  File ignored by vep/vep_txt because it exceeded search pattern filesize limit: SRR957824_500K_R2_fastqc.html
[2022-07-07 16:06:59,714] multiqc                                            [DEBUG  ]  File ignored by longranger/invocation because it exceeded search pattern filesize limit: SRR957824_500K_R2_fastqc.html
[2022-07-07 16:06:59,760] multiqc                                            [DEBUG  ]  File ignored by nanostat because it exceeded search pattern filesize limit: SRR957824_500K_R2_fastqc.html
[2022-07-07 16:07:05,960] multiqc.plots.linegraph                            [DEBUG  ]  Using matplotlib version 3.4.3
[2022-07-07 16:07:05,966] multiqc.plots.bargraph                             [DEBUG  ]  Using matplotlib version 3.4.3
[2022-07-07 16:07:06,452] multiqc.modules.fastqc.fastqc                      [INFO   ]  Found 4 reports
[2022-07-07 16:07:06,655] multiqc                                            [INFO   ]  Compressing plot data
[2022-07-07 16:07:06,732] multiqc                                            [INFO   ]  Report      : QC/multiqc_report.html
[2022-07-07 16:07:06,732] multiqc                                            [INFO   ]  Data        : QC/multiqc_data
[2022-07-07 16:07:06,732] multiqc                                            [DEBUG  ]  Moving data file from '/var/folders/qm/9sf7s7d53yb2w6qzt4p01r1r0000gn/T/tmpatv5m9f3/multiqc_data' to 'QC/multiqc_data'
[2022-07-07 16:07:09,483] multiqc                                            [INFO   ]  MultiQC complete
