This is cutadapt 4.1 with Python 3.9.7
Command line parameters: -q 25 -a AGATCGGAAGAGCACACGTCTGAACTCCAGTCA -A AGATCGGAAGAGCGTCGTGTAGGGAAAGAGTGT --minimum-length 50 -o Trimmed/SRR957824_R1_trimmed.fastq.gz -p Trimmed/SRR957824_R2_trimmed.fastq.gz Fastq/SRR957824_500K_R1.fastq.gz Fastq/SRR957824_500K_R2.fastq.gz
Processing paired-end reads on 1 core ...
Finished in 26.66 s (53 µs/read; 1.13 M reads/minute).

=== Summary ===

Total read pairs processed:            500,000
  Read 1 with adapter:                 108,413 (21.7%)
  Read 2 with adapter:                  36,885 (7.4%)

== Read fate breakdown ==
Pairs that were too short:              85,244 (17.0%)
Pairs written (passing filters):       414,756 (83.0%)

Total basepairs processed:   150,000,000 bp
  Read 1:    75,000,000 bp
  Read 2:    75,000,000 bp
Quality-trimmed:              22,593,538 bp (15.1%)
  Read 1:     7,429,556 bp
  Read 2:    15,163,982 bp
Total written (filtered):    118,764,318 bp (79.2%)
  Read 1:    60,220,554 bp
  Read 2:    58,543,764 bp

=== First read: Adapter 1 ===

Sequence: AGATCGGAAGAGCACACGTCTGAACTCCAGTCA; Type: regular 3'; Length: 33; Trimmed: 108413 times

Minimum overlap: 3
No. of allowed errors:
1-9 bp: 0; 10-19 bp: 1; 20-29 bp: 2; 30-33 bp: 3

Bases preceding removed adapters:
  A: 10.5%
  C: 6.9%
  G: 10.8%
  T: 8.8%
  none/other: 63.1%

Overview of removed sequences
length	count	expect	max.err	error counts
3	6149	7812.5	0	6149
4	2850	1953.1	0	2850
5	1948	488.3	0	1948
6	1509	122.1	0	1509
7	1625	30.5	0	1625
8	1244	7.6	0	1244
9	1287	1.9	0	1262 25
10	1297	0.5	1	1261 36
11	1139	0.1	1	1103 36
12	1201	0.0	1	1173 28
13	1158	0.0	1	1130 28
14	1164	0.0	1	1137 27
15	1020	0.0	1	991 29
16	1103	0.0	1	1070 33
17	1014	0.0	1	979 35
18	913	0.0	1	885 27 1
19	635	0.0	1	611 23 1
20	817	0.0	2	782 33 2
21	773	0.0	2	750 22 1
22	687	0.0	2	660 27
23	695	0.0	2	649 44 2
24	645	0.0	2	601 40 4
25	617	0.0	2	575 38 4
26	583	0.0	2	550 32 1
27	536	0.0	2	495 37 4
28	547	0.0	2	503 43 1
29	517	0.0	2	445 65 5 2
30	487	0.0	3	443 40 3 1
31	453	0.0	3	413 37 3
32	427	0.0	3	390 31 5 1
33	360	0.0	3	322 34 3 1
34	373	0.0	3	323 47 3
35	414	0.0	3	308 91 12 3
36	436	0.0	3	356 73 7
37	418	0.0	3	336 73 9
38	336	0.0	3	276 55 5
39	298	0.0	3	259 38 1
40	272	0.0	3	241 27 4
41	242	0.0	3	221 18 3
42	130	0.0	3	115 13 1 1
43	156	0.0	3	147 8 1
44	170	0.0	3	152 18
45	193	0.0	3	166 25 2
46	184	0.0	3	167 15 1 1
47	127	0.0	3	107 16 3 1
48	140	0.0	3	112 25 2 1
49	175	0.0	3	104 64 7
50	150	0.0	3	104 43 3
51	137	0.0	3	91 45 1
52	193	0.0	3	110 74 8 1
53	133	0.0	3	96 32 4 1
54	100	0.0	3	67 32 1
55	100	0.0	3	61 34 5
56	129	0.0	3	71 53 4 1
57	117	0.0	3	62 53 1 1
58	111	0.0	3	54 53 3 1
59	152	0.0	3	54 91 7
60	120	0.0	3	45 70 4 1
61	154	0.0	3	39 110 5
62	301	0.0	3	35 255 9 2
63	727	0.0	3	44 659 24
64	437	0.0	3	74 349 13 1
65	461	0.0	3	26 420 15
66	334	0.0	3	25 297 8 4
67	481	0.0	3	27 435 18 1
68	631	0.0	3	25 583 22 1
69	1035	0.0	3	33 968 31 3
70	1449	0.0	3	23 1380 43 3
71	2994	0.0	3	13 2871 91 19
72	4751	0.0	3	30 4366 342 13
73	40931	0.0	3	27 40392 504 8
74	10644	0.0	3	67 10454 121 2
75	1084	0.0	3	8 1047 29
76	252	0.0	3	1 247 4
77	68	0.0	3	0 65 3
78	44	0.0	3	0 43 1
79	22	0.0	3	0 20 2
80	14	0.0	3	0 14
81	13	0.0	3	0 13
82	15	0.0	3	0 15
83	6	0.0	3	0 6
84	12	0.0	3	0 12
85	11	0.0	3	0 11
86	11	0.0	3	0 11
87	13	0.0	3	0 12 1
88	13	0.0	3	0 12 1
89	7	0.0	3	0 7
90	15	0.0	3	0 15
91	11	0.0	3	0 11
92	15	0.0	3	0 13 2
93	15	0.0	3	0 15
94	17	0.0	3	0 16 1
95	18	0.0	3	0 18
96	16	0.0	3	0 15 1
97	17	0.0	3	0 17
98	15	0.0	3	0 15
99	18	0.0	3	0 18
100	19	0.0	3	0 19
101	14	0.0	3	0 14
102	17	0.0	3	0 17
103	12	0.0	3	0 11 1
104	19	0.0	3	0 19
105	12	0.0	3	0 12
106	18	0.0	3	0 18
107	16	0.0	3	0 16
108	15	0.0	3	0 15
109	8	0.0	3	0 8
110	10	0.0	3	0 10
111	8	0.0	3	0 8
112	8	0.0	3	0 8
113	10	0.0	3	0 10
114	9	0.0	3	0 9
115	6	0.0	3	0 5 0 1
116	12	0.0	3	0 12
117	8	0.0	3	0 8
118	8	0.0	3	0 8
119	12	0.0	3	0 12
120	7	0.0	3	0 7
121	3	0.0	3	0 2 1
122	8	0.0	3	0 8
123	4	0.0	3	0 3 1
124	2	0.0	3	0 2
125	6	0.0	3	0 6
126	7	0.0	3	0 7
127	2	0.0	3	0 2
128	7	0.0	3	0 7
129	2	0.0	3	0 1 1
130	5	0.0	3	0 5
131	4	0.0	3	0 4
132	3	0.0	3	0 3
133	2	0.0	3	0 2
134	2	0.0	3	0 2
135	3	0.0	3	0 3
136	3	0.0	3	0 3
137	4	0.0	3	0 4
138	2	0.0	3	0 2
139	3	0.0	3	0 3
140	2	0.0	3	0 2
141	1	0.0	3	0 1
142	2	0.0	3	0 2
145	2	0.0	3	0 2
146	4	0.0	3	0 4
147	6	0.0	3	0 5 1
148	8	0.0	3	0 8
149	17	0.0	3	0 17
150	73	0.0	3	0 71 2


=== Second read: Adapter 2 ===

Sequence: AGATCGGAAGAGCGTCGTGTAGGGAAAGAGTGT; Type: regular 3'; Length: 33; Trimmed: 36885 times

Minimum overlap: 3
No. of allowed errors:
1-9 bp: 0; 10-19 bp: 1; 20-29 bp: 2; 30-33 bp: 3

Bases preceding removed adapters:
  A: 29.8%
  C: 17.8%
  G: 28.4%
  T: 24.0%
  none/other: 0.0%

Overview of removed sequences
length	count	expect	max.err	error counts
3	5171	7812.5	0	5171
4	2232	1953.1	0	2232
5	1657	488.3	0	1657
6	1873	122.1	0	1873
7	1476	30.5	0	1476
8	1716	7.6	0	1716
9	1634	1.9	0	1617 17
10	1743	0.5	1	1718 25
11	741	0.1	1	719 22
12	1217	0.0	1	1190 27
13	1444	0.0	1	1402 42
14	1655	0.0	1	1629 26
15	262	0.0	1	241 21
16	838	0.0	1	807 31
17	1333	0.0	1	1308 25
18	144	0.0	1	116 27 1
19	1035	0.0	1	1014 21
20	335	0.0	2	324 11
21	188	0.0	2	166 22
22	592	0.0	2	567 23 2
23	733	0.0	2	702 30 1
24	767	0.0	2	737 29 1
25	588	0.0	2	562 26
26	765	0.0	2	728 35 2
27	324	0.0	2	293 31
28	686	0.0	2	663 21 2
29	198	0.0	2	151 46 0 1
30	972	0.0	3	940 28 4
31	67	0.0	3	45 21 1
32	407	0.0	3	392 13 2
33	69	0.0	3	60 9
34	221	0.0	3	206 14 1
35	211	0.0	3	194 16 1
36	194	0.0	3	178 16
37	248	0.0	3	235 13
38	223	0.0	3	205 15 3
39	186	0.0	3	170 14 2
40	169	0.0	3	151 16 2
41	238	0.0	3	202 34 2
42	381	0.0	3	362 18 1
43	24	0.0	3	15 8 1
44	174	0.0	3	154 18 1 1
45	310	0.0	3	292 16 2
46	54	0.0	3	46 8
47	118	0.0	3	112 6
48	46	0.0	3	41 5
49	86	0.0	3	80 6
50	73	0.0	3	70 3
51	145	0.0	3	138 7
52	16	0.0	3	10 3 3
53	26	0.0	3	26
54	41	0.0	3	34 7
55	78	0.0	3	71 7
56	38	0.0	3	36 2
57	67	0.0	3	54 11 2
58	62	0.0	3	59 3
59	53	0.0	3	47 6
60	54	0.0	3	53 0 1
61	52	0.0	3	48 4
62	44	0.0	3	41 3
63	50	0.0	3	49 1
64	43	0.0	3	41 2
65	61	0.0	3	58 2 0 1
66	97	0.0	3	94 2 1
67	77	0.0	3	71 4 1 1
68	53	0.0	3	47 6
69	9	0.0	3	8 1
70	1	0.0	3	0 1
